1623511396890	geckodriver	INFO	Listening on 127.0.0.1:49821
1623511399972	mozrunner::runner	INFO	Running command: "C:\\Program Files\\Mozilla Firefox\\firefox.exe" "--marionette" "-foreground" "-no-remote" "-profile" "C:\\Users\\keamy\\AppData\\Local\\Temp\\rust_mozprofileo9ZUXj"
1623511400375	Marionette	INFO	Marionette enabled
console.warn: SearchSettings: "get: No settings file exists, new profile?" (new NotFoundError("Could not open the file at C:\\Users\\keamy\\AppData\\Local\\Temp\\rust_mozprofileo9ZUXj\\search.json.mozlz4", (void 0)))
1623511402868	Marionette	INFO	Listening on port 49829

###!!! [Child][MessageChannel] Error: (msgtype=0x390099,name=PContent::Msg_InitBackground) Channel closing: too late to send/recv, messages will be lost

1623511403156	Marionette	WARN	TLS certificate errors will be ignored for this session
SourceActor threw an exception: [Exception... "Component returned failure code: 0x80470002 (NS_BASE_STREAM_CLOSED) [nsIInputStream.available]"  nsresult: "0x80470002 (NS_BASE_STREAM_CLOSED)"  location: "JS frame :: resource://devtools/shared/DevToolsUtils.js :: onResponse :: line 567"  data: no]
Stack: onResponse@resource://devtools/shared/DevToolsUtils.js:567:34
onStopRequest@resource://gre/modules/NetUtil.jsm:128:18
Line: 567, column: 0
console.error: ({})
JavaScript error: resource://devtools/shared/DevToolsUtils.js, line 567: NS_BASE_STREAM_CLOSED: Component returned failure code: 0x80470002 (NS_BASE_STREAM_CLOSED) [nsIInputStream.available]
JavaScript error: resource://devtools/server/actors/network-monitor/network-event-actor.js, line 108: Error: Got a request https://use.fontawesome.com/c7fae8461a.css without a browsingContextID set
JavaScript error: resource://gre/actors/AutoCompleteChild.jsm, line 125: Error: Invalid autocomplete selectedIndex
JavaScript error: resource://gre/actors/AutoCompleteChild.jsm, line 125: Error: Invalid autocomplete selectedIndex
JavaScript error: resource://gre/actors/AutoCompleteChild.jsm, line 125: Error: Invalid autocomplete selectedIndex
JavaScript error: resource://gre/actors/AutoCompleteChild.jsm, line 125: Error: Invalid autocomplete selectedIndex
1623511560004	Marionette	INFO	Stopped listening on port 49829

###!!! [Child][RunMessage] Error: Channel closing: too late to send/recv, messages will be lost

Channel] Error: (msgtype=0x390099,name=PContent::Msg_InitBackground) Channel closing: too late to send/recv, messages will be lost

1623511484290	Marionette	WARN	TLS certificate errors will be ignored for this session
SourceActor threw an exception: [Exception... "Component returned failure code: 0x80470002 (NS_BASE_STREAM_CLOSED) [nsIInputStream.available]"  nsresult: "0x80470002 (NS_BASE_STREAM_CLOSED)"  location: "JS frame :: resource://devtools/shared/DevToolsUtils.js :: onResponse :: line 567"  data: no]
Stack: onResponse@resource://devtools/shared/DevToolsUtils.js:567:34
onStopRequest@resource://gre/modules/NetUtil.jsm:128:18
Line: 567, column: 0
console.error: ({})
JavaScript error: resource://devtools/shared/DevToolsUtils.js, line 567: NS_BASE_STREAM_CLOSED: Component returned failure code: 0x80470002 (NS_BASE_STREAM_CLOSED) [nsIInputStream.available]
1623511561286	Marionette	INFO	Stopped listening on port 49954

###!!! [Child][RunMessage] Error: Channel closing: too late to send/recv, messages will be lost

1623511590744	geckodriver	INFO	Listening on 127.0.0.1:50084
1623511593836	mozrunner::runner	INFO	Running command: "C:\\Program Files\\Mozilla Firefox\\firefox.exe" "--marionette" "-foreground" "-no-remote" "-profile" "C:\\Users\\keamy\\AppData\\Local\\Temp\\rust_mozprofile17HjiM"
1623511594246	Marionette	INFO	Marionette enabled
console.warn: SearchSettings: "get: No settings file exists, new profile?" (new NotFoundError("Could not open the file at C:\\Users\\keamy\\AppData\\Local\\Temp\\rust_mozprofile17HjiM\\search.json.mozlz4", (void 0)))
1623511596952	Marionette	INFO	Listening on port 50092
1623511597024	Marionette	WARN	TLS certificate errors will be ignored for this session

###!!! [Child][RunMessage] Error: Channel closing: too late to send/recv, messages will be lost

1623511615539	Marionette	INFO	Stopped listening on port 50092

###!!! [Child][RunMessage] Error: Channel closing: too late to send/recv, messages will be lost

1623511681959	geckodriver	INFO	Listening on 127.0.0.1:50209
1623511685031	mozrunner::runner	INFO	Running command: "C:\\Program Files\\Mozilla Firefox\\firefox.exe" "--marionette" "-foreground" "-no-remote" "-profile" "C:\\Users\\keamy\\AppData\\Local\\Temp\\rust_mozprofileZwvLuz"
1623511685439	Marionette	INFO	Marionette enabled
console.warn: SearchSettings: "get: No settings file exists, new profile?" (new NotFoundError("Could not open the file at C:\\Users\\keamy\\AppData\\Local\\Temp\\rust_mozprofileZwvLuz\\search.json.mozlz4", (void 0)))
1623511687890	Marionette	INFO	Listening on port 50217

###!!! [Child][MessageChannel] Error: (msgtype=0x390099,name=PContent::Msg_InitBackground) Channel closing: too late to send/recv, messages will be lost


###!!! [Child][MessageChannel] Error: (msgtype=0x390099,name=PContent::Msg_InitBackground) Channel closing: too late to send/recv, messages will be lost

1623511688199	Marionette	WARN	TLS certificate errors will be ignored for this session
SourceActor threw an exception: [Exception... "Component returned failure code: 0x80470002 (NS_BASE_STREAM_CLOSED) [nsIInputStream.available]"  nsresult: "0x80470002 (NS_BASE_STREAM_CLOSED)"  location: "JS frame :: resource://devtools/shared/DevToolsUtils.js :: onResponse :: line 567"  data: no]
Stack: onResponse@resource://devtools/shared/DevToolsUtils.js:567:34
onStopRequest@resource://gre/modules/NetUtil.jsm:128:18
Line: 567, column: 0
console.error: ({})
JavaScript error: resource://devtools/shared/DevToolsUtils.js, line 567: NS_BASE_STREAM_CLOSED: Component returned failure code: 0x80470002 (NS_BASE_STREAM_CLOSED) [nsIInputStream.available]
JavaScript error: resource://devtools/server/actors/network-monitor/network-event-actor.js, line 108: Error: Got a request https://use.fontawesome.com/c7fae8461a.css without a browsingContextID set
1623511760669	Marionette	INFO	Stopped listening on port 50217

###!!! [Child][RunMessage] Error: Channel closing: too late to send/recv, messages will be lost

1623511766794	geckodriver	INFO	Listening on 127.0.0.1:63069
1623511769870	mozrunner::runner	INFO	Running command: "C:\\Program Files\\Mozilla Firefox\\firefox.exe" "--marionette" "-foreground" "-no-remote" "-profile" "C:\\Users\\keamy\\AppData\\Local\\Temp\\rust_mozprofileD3neG7"
1623511770281	Marionette	INFO	Marionette enabled
console.warn: SearchSettings: "get: No settings file exists, new profile?" (new NotFoundError("Could not open the file at C:\\Users\\keamy\\AppData\\Local\\Temp\\rust_mozprofileD3neG7\\search.json.mozlz4", (void 0)))
1623511773079	Marionette	INFO	Listening on port 63077
1623511773550	Marionette	WARN	TLS certificate errors will be ignored for this session
console.warn: services.settings: main/doh-config Signature verified failed. Retry from scratch
console.warn: services.settings: main/doh-providers Signature verified failed. Retry from scratch
JavaScript error: resource://gre/modules/psm/RemoteSecuritySettings.jsm, line 735: NS_ERROR_ILLEGAL_VALUE: Component returned failure code: 0x80070057 (NS_ERROR_ILLEGAL_VALUE) [nsIXPCComponents_Utils.reportError]
SourceActor threw an exception: [Exception... "Component returned failure code: 0x80470002 (NS_BASE_STREAM_CLOSED) [nsIInputStream.available]"  nsresult: "0x80470002 (NS_BASE_STREAM_CLOSED)"  location: "JS frame :: resource://devtools/shared/DevToolsUtils.js :: onResponse :: line 567"  data: no]
Stack: onResponse@resource://devtools/shared/DevToolsUtils.js:567:34
onStopRequest@resource://gre/modules/NetUtil.jsm:128:18
Line: 567, column: 0
console.error: ({})
JavaScript error: resource://devtools/shared/DevToolsUtils.js, line 567: NS_BASE_STREAM_CLOSED: Component returned failure code: 0x80470002 (NS_BASE_STREAM_CLOSED) [nsIInputStream.available]
JavaScript error: resource://devtools/server/actors/network-monitor/network-event-actor.js, line 108: Error: Got a request https://use.fontawesome.com/c7fae8461a.css without a browsingContextID set
JavaScript error: , line 0: NS_ERROR_NOT_AVAILABLE
console.error: (new TypeError("container.node.targetFront is null", "resource://devtools/client/inspector/markup/markup.js", 2309))
console.error: (new TypeError("container.node.targetFront is null", "resource://devtools/client/inspector/markup/markup.js", 2309))
console.error: (new TypeError("container.node.targetFront is null", "resource://devtools/client/inspector/markup/markup.js", 2309))
console.error: (new TypeError("container.node.targetFront is null", "resource://devtools/client/inspector/markup/markup.js", 2309))
console.error: (new TypeError("container.node.targetFront is null", "resource://devtools/client/inspector/markup/markup.js", 2309))
1623515685784	Marionette	INFO	Stopped listening on port 63077

###!!! [Child][RunMessage] Error: Channel closing: too late to send/recv, messages will be lost

d" "-no-remote" "-profile" "C:\\Users\\keamy\\AppData\\Local\\Temp\\rust_mozprofileIaotok"
1623512259340	Marionette	INFO	Marionette enabled
console.warn: SearchSettings: "get: No settings file exists, new profile?" (new NotFoundError("Could not open the file at C:\\Users\\keamy\\AppData\\Local\\Temp\\rust_mozprofileIaotok\\search.json.mozlz4", (void 0)))
1623512261688	Marionette	INFO	Listening on port 64489
1623512262153	Marionette	WARN	TLS certificate errors will be ignored for this session
SourceActor threw an exception: [Exception... "Component returned failure code: 0x80470002 (NS_BASE_STREAM_CLOSED) [nsIInputStream.available]"  nsresult: "0x80470002 (NS_BASE_STREAM_CLOSED)"  location: "JS frame :: resource://devtools/shared/DevToolsUtils.js :: onResponse :: line 567"  data: no]
Stack: onResponse@resource://devtools/shared/DevToolsUtils.js:567:34
onStopRequest@resource://gre/modules/NetUtil.jsm:128:18
Line: 567, column: 0
console.error: ({})
JavaScript error: resource://devtools/shared/DevToolsUtils.js, line 567: NS_BASE_STREAM_CLOSED: Component returned failure code: 0x80470002 (NS_BASE_STREAM_CLOSED) [nsIInputStream.available]
JavaScript error: resource://devtools/server/actors/network-monitor/network-event-actor.js, line 108: Error: Got a request https://use.fontawesome.com/c7fae8461a.css without a browsingContextID set
1623512332965	Marionette	INFO	Stopped listening on port 64489
1623512341182	geckodriver	INFO	Listening on 127.0.0.1:64611
1623512344256	mozrunner::runner	INFO	Running command: "C:\\Program Files\\Mozilla Firefox\\firefox.exe" "--marionette" "-foreground" "-no-remote" "-profile" "C:\\Users\\keamy\\AppData\\Local\\Temp\\rust_mozprofileDMEm1i"
1623512344629	Marionette	INFO	Marionette enabled
console.warn: SearchSettings: "get: No settings file exists, new profile?" (new NotFoundError("Could not open the file at C:\\Users\\keamy\\AppData\\Local\\Temp\\rust_mozprofileDMEm1i\\search.json.mozlz4", (void 0)))
1623512346919	Marionette	INFO	Listening on port 64619

###!!! [Child][MessageChannel] Error: (msgtype=0x390099,name=PContent::Msg_InitBackground) Channel closing: too late to send/recv, messages will be lost

1623512347449	Marionette	WARN	TLS certificate errors will be ignored for this session
1623512380705	Marionette	INFO	Stopped listening on port 64619
1623512581869	geckodriver	INFO	Listening on 127.0.0.1:64759
1623512584937	mozrunner::runner	INFO	Running command: "C:\\Program Files\\Mozilla Firefox\\firefox.exe" "--marionette" "-foreground" "-no-remote" "-profile" "C:\\Users\\keamy\\AppData\\Local\\Temp\\rust_mozprofileA2To5V"
1623512585306	Marionette	INFO	Marionette enabled
console.warn: SearchSettings: "get: No settings file exists, new profile?" (new NotFoundError("Could not open the file at C:\\Users\\keamy\\AppData\\Local\\Temp\\rust_mozprofileA2To5V\\search.json.mozlz4", (void 0)))
1623512587597	Marionette	INFO	Listening on port 64767

###!!! [Child][MessageChannel] Error: (msgtype=0x390099,name=PContent::Msg_InitBackground) Channel closing: too late to send/recv, messages will be lost

1623512588120	Marionette	WARN	TLS certificate errors will be ignored for this session
console.warn: services.settings: main/doh-config Signature verified failed. Retry from scratch
console.warn: services.settings: main/doh-providers Signature verified failed. Retry from scratch
JavaScript error: resource://gre/modules/psm/RemoteSecuritySettings.jsm, line 735: NS_ERROR_ILLEGAL_VALUE: Component returned failure code: 0x80070057 (NS_ERROR_ILLEGAL_VALUE) [nsIXPCComponents_Utils.reportError]
JavaScript error: , line 0: NS_ERROR_NOT_AVAILABLE

###!!! [Child][MessageChannel] Error: (msgtype=0x590004,name=PHttpChannel::Msg_Cancel) Channel closing: too late to send/recv, messages will be lost


###!!! [Child][MessageChannel] Error: (msgtype=0x590008,name=PHttpChannel::Msg_DeletingChannel) Channel closing: too late to send/recv, messages will be lost

1623513484209	Marionette	INFO	Stopped listening on port 64767

###!!! [Child][RunMessage] Error: Channel closing: too late to send/recv, messages will be lost

 Channel closing: too late to send/recv, messages will be lost

1623512748498	Marionette	INFO	Stopped listening on port 64899

###!!! [Child][RunMessage] Error: Channel closing: too late to send/recv, messages will be lost

ocal\\Temp\\rust_mozprofileM7Bz52\\search.json.mozlz4", (void 0)))
1623512682785	Marionette	INFO	Listening on port 65040

###!!! [Child][MessageChannel] Error: (msgtype=0x390099,name=PContent::Msg_InitBackground) Channel closing: too late to send/recv, messages will be lost

1623512683211	Marionette	WARN	TLS certificate errors will be ignored for this session
1623512749571	Marionette	INFO	Stopped listening on port 65040
1623512754010	geckodriver	INFO	Listening on 127.0.0.1:65155
1623512757078	mozrunner::runner	INFO	Running command: "C:\\Program Files\\Mozilla Firefox\\firefox.exe" "--marionette" "-foreground" "-no-remote" "-profile" "C:\\Users\\keamy\\AppData\\Local\\Temp\\rust_mozprofileDp6zZt"
1623512757460	Marionette	INFO	Marionette enabled
console.warn: SearchSettings: "get: No settings file exists, new profile?" (new NotFoundError("Could not open the file at C:\\Users\\keamy\\AppData\\Local\\Temp\\rust_mozprofileDp6zZt\\search.json.mozlz4", (void 0)))
1623512759732	Marionette	INFO	Listening on port 65163
1623512759762	Marionette	WARN	TLS certificate errors will be ignored for this session

###!!! [Child][MessageChannel] Error: (msgtype=0x390099,name=PContent::Msg_InitBackground) Channel closing: too late to send/recv, messages will be lost

console.warn: services.settings: main/doh-config Signature verified failed. Retry from scratch
console.warn: services.settings: main/doh-providers Signature verified failed. Retry from scratch
JavaScript error: resource://gre/modules/psm/RemoteSecuritySettings.jsm, line 735: NS_ERROR_ILLEGAL_VALUE: Component returned failure code: 0x80070057 (NS_ERROR_ILLEGAL_VALUE) [nsIXPCComponents_Utils.reportError]

###!!! [Child][MessageChannel] Error: (msgtype=0x590004,name=PHttpChannel::Msg_Cancel) Channel closing: too late to send/recv, messages will be lost


###!!! [Child][MessageChannel] Error: (msgtype=0x590008,name=PHttpChannel::Msg_DeletingChannel) Channel closing: too late to send/recv, messages will be lost

1623513483316	Marionette	INFO	Stopped listening on port 65163
RN	TLS certificate errors will be ignored for this session
console.warn: services.settings: main/doh-config Signature verified failed. Retry from scratch
console.warn: services.settings: main/doh-providers Signature verified failed. Retry from scratch
JavaScript error: resource://gre/modules/psm/RemoteSecuritySettings.jsm, line 735: NS_ERROR_ILLEGAL_VALUE: Component returned failure code: 0x80070057 (NS_ERROR_ILLEGAL_VALUE) [nsIXPCComponents_Utils.reportError]
1623513481291	Marionette	INFO	Stopped listening on port 65286

###!!! [Child][RunMessage] Error: Channel closing: too late to send/recv, messages will be lost


###!!! [Child][RunMessage] Error: Channel closing: too late to send/recv, messages will be lost

or this session
JavaScript error: resource://gre/modules/Sqlite.jsm, line 1030: Error: Sqlite.jsm has been shutdown. Cannot open connection to: C:\Users\keamy\AppData\Local\Temp\rust_mozprofileZMMVaH\protections.sqlite

###!!! [Child][RunMessage] Error: Channel closing: too late to send/recv, messages will be lost

1623513034225	Marionette	INFO	Stopped listening on port 57332
1623513059866	geckodriver	INFO	Listening on 127.0.0.1:57444
1623513062918	mozrunner::runner	INFO	Running command: "C:\\Program Files\\Mozilla Firefox\\firefox.exe" "--marionette" "-foreground" "-no-remote" "-profile" "C:\\Users\\keamy\\AppData\\Local\\Temp\\rust_mozprofileR1KbLj"
1623513063292	Marionette	INFO	Marionette enabled
console.warn: SearchSettings: "get: No settings file exists, new profile?" (new NotFoundError("Could not open the file at C:\\Users\\keamy\\AppData\\Local\\Temp\\rust_mozprofileR1KbLj\\search.json.mozlz4", (void 0)))
1623513065557	Marionette	INFO	Listening on port 57452
1623513065594	Marionette	WARN	TLS certificate errors will be ignored for this session
console.warn: services.settings: main/doh-config Signature verified failed. Retry from scratch
console.warn: services.settings: main/doh-providers Signature verified failed. Retry from scratch
JavaScript error: resource://gre/modules/psm/RemoteSecuritySettings.jsm, line 735: NS_ERROR_ILLEGAL_VALUE: Component returned failure code: 0x80070057 (NS_ERROR_ILLEGAL_VALUE) [nsIXPCComponents_Utils.reportError]
1623513482208	Marionette	INFO	Stopped listening on port 57452

###!!! [Child][RunMessage] Error: Channel closing: too late to send/recv, messages will be lost


###!!! [Child][RunMessage] Error: Channel closing: too late to send/recv, messages will be lost

t::Msg_InitBackground) Channel closing: too late to send/recv, messages will be lost

1623513110046	Marionette	WARN	TLS certificate errors will be ignored for this session
1623513485011	Marionette	INFO	Stopped listening on port 57561

###!!! [Child][RunMessage] Error: Channel closing: too late to send/recv, messages will be lost

"--marionette" "-foreground" "-no-remote" "-profile" "C:\\Users\\keamy\\AppData\\Local\\Temp\\rust_mozprofileK5MQKq"
1623513171856	Marionette	INFO	Marionette enabled
console.warn: SearchSettings: "get: No settings file exists, new profile?" (new NotFoundError("Could not open the file at C:\\Users\\keamy\\AppData\\Local\\Temp\\rust_mozprofileK5MQKq\\search.json.mozlz4", (void 0)))
1623513174249	Marionette	INFO	Listening on port 57691

###!!! [Child][MessageChannel] Error: (msgtype=0x390099,name=PContent::Msg_InitBackground) Channel closing: too late to send/recv, messages will be lost

1623513174630	Marionette	WARN	TLS certificate errors will be ignored for this session
1623513485815	Marionette	INFO	Stopped listening on port 57691
3513216493	mozrunner::runner	INFO	Running command: "C:\\Program Files\\Mozilla Firefox\\firefox.exe" "--marionette" "-foreground" "-no-remote" "-profile" "C:\\Users\\keamy\\AppData\\Local\\Temp\\rust_mozprofiledPhqih"
1623513216863	Marionette	INFO	Marionette enabled
console.warn: SearchSettings: "get: No settings file exists, new profile?" (new NotFoundError("Could not open the file at C:\\Users\\keamy\\AppData\\Local\\Temp\\rust_mozprofiledPhqih\\search.json.mozlz4", (void 0)))
1623513219265	Marionette	INFO	Listening on port 57806

###!!! [Child][MessageChannel] Error: (msgtype=0x390099,name=PContent::Msg_InitBackground) Channel closing: too late to send/recv, messages will be lost

1623513219668	Marionette	WARN	TLS certificate errors will be ignored for this session
1623513487496	Marionette	INFO	Stopped listening on port 57806

###!!! [Child][RunMessage] Error: Channel closing: too late to send/recv, messages will be lost

"--marionette" "-foreground" "-no-remote" "-profile" "C:\\Users\\keamy\\AppData\\Local\\Temp\\rust_mozprofile0gcMI4"
1623513263793	Marionette	INFO	Marionette enabled
console.warn: SearchSettings: "get: No settings file exists, new profile?" (new NotFoundError("Could not open the file at C:\\Users\\keamy\\AppData\\Local\\Temp\\rust_mozprofile0gcMI4\\search.json.mozlz4", (void 0)))
1623513266094	Marionette	INFO	Listening on port 57910

###!!! [Child][MessageChannel] Error: (msgtype=0x390099,name=PContent::Msg_InitBackground) Channel closing: too late to send/recv, messages will be lost

1623513266615	Marionette	WARN	TLS certificate errors will be ignored for this session
1623513281478	Marionette	INFO	Stopped listening on port 57910

###!!! [Child][RunMessage] Error: Channel closing: too late to send/recv, messages will be lost

1623513332614	geckodriver	INFO	Listening on 127.0.0.1:54945
1623513335672	mozrunner::runner	INFO	Running command: "C:\\Program Files\\Mozilla Firefox\\firefox.exe" "--marionette" "-foreground" "-no-remote" "-profile" "C:\\Users\\keamy\\AppData\\Local\\Temp\\rust_mozprofileFjHdr2"
1623513336060	Marionette	INFO	Marionette enabled
console.warn: SearchSettings: "get: No settings file exists, new profile?" (new NotFoundError("Could not open the file at C:\\Users\\keamy\\AppData\\Local\\Temp\\rust_mozprofileFjHdr2\\search.json.mozlz4", (void 0)))
1623513338593	Marionette	INFO	Listening on port 54954
1623513338853	Marionette	WARN	TLS certificate errors will be ignored for this session
JavaScript error: resource://gre/modules/Sqlite.jsm, line 1030: Error: Sqlite.jsm has been shutdown. Cannot open connection to: C:\Users\keamy\AppData\Local\Temp\rust_mozprofileFjHdr2\protections.sqlite

###!!! [Child][RunMessage] Error: Channel closing: too late to send/recv, messages will be lost


###!!! [Child][RunMessage] Error: Channel closing: too late to send/recv, messages will be lost

1623513413172	Marionette	INFO	Stopped listening on port 54954
1623513430695	geckodriver	INFO	Listening on 127.0.0.1:55070
1623513433749	mozrunner::runner	INFO	Running command: "C:\\Program Files\\Mozilla Firefox\\firefox.exe" "--marionette" "-foreground" "-no-remote" "-profile" "C:\\Users\\keamy\\AppData\\Local\\Temp\\rust_mozprofile4VF2Tt"
1623513434139	Marionette	INFO	Marionette enabled
console.warn: SearchSettings: "get: No settings file exists, new profile?" (new NotFoundError("Could not open the file at C:\\Users\\keamy\\AppData\\Local\\Temp\\rust_mozprofile4VF2Tt\\search.json.mozlz4", (void 0)))
1623513436529	Marionette	INFO	Listening on port 55078

###!!! [Child][MessageChannel] Error: (msgtype=0x390099,name=PContent::Msg_InitBackground) Channel closing: too late to send/recv, messages will be lost

1623513436920	Marionette	WARN	TLS certificate errors will be ignored for this session
1623513488609	Marionette	INFO	Stopped listening on port 55078

###!!! [Child][RunMessage] Error: Channel closing: too late to send/recv, messages will be lost

1623514146908	geckodriver	INFO	Listening on 127.0.0.1:49289
1623514149957	mozrunner::runner	INFO	Running command: "C:\\Program Files\\Mozilla Firefox\\firefox.exe" "--marionette" "-foreground" "-no-remote" "-profile" "C:\\Users\\keamy\\AppData\\Local\\Temp\\rust_mozprofile5n8jXn"
1623514150332	Marionette	INFO	Marionette enabled
console.warn: SearchSettings: "get: No settings file exists, new profile?" (new NotFoundError("Could not open the file at C:\\Users\\keamy\\AppData\\Local\\Temp\\rust_mozprofile5n8jXn\\search.json.mozlz4", (void 0)))
1623514152672	Marionette	INFO	Listening on port 49297

###!!! [Child][MessageChannel] Error: (msgtype=0x390099,name=PContent::Msg_InitBackground) Channel closing: too late to send/recv, messages will be lost

1623514153132	Marionette	WARN	TLS certificate errors will be ignored for this session
SourceActor threw an exception: [Exception... "Component returned failure code: 0x80470002 (NS_BASE_STREAM_CLOSED) [nsIInputStream.available]"  nsresult: "0x80470002 (NS_BASE_STREAM_CLOSED)"  location: "JS frame :: resource://devtools/shared/DevToolsUtils.js :: onResponse :: line 567"  data: no]
Stack: onResponse@resource://devtools/shared/DevToolsUtils.js:567:34
onStopRequest@resource://gre/modules/NetUtil.jsm:128:18
Line: 567, column: 0
console.error: ({})
JavaScript error: resource://devtools/shared/DevToolsUtils.js, line 567: NS_BASE_STREAM_CLOSED: Component returned failure code: 0x80470002 (NS_BASE_STREAM_CLOSED) [nsIInputStream.available]
JavaScript error: resource://devtools/server/actors/network-monitor/network-event-actor.js, line 108: Error: Got a request https://use.fontawesome.com/c7fae8461a.css without a browsingContextID set
1623514186599	Marionette	INFO	Stopped listening on port 49297

###!!! [Child][RunMessage] Error: Channel closing: too late to send/recv, messages will be lost

1623514314966	geckodriver	INFO	Listening on 127.0.0.1:51495
1623514318021	mozrunner::runner	INFO	Running command: "C:\\Program Files\\Mozilla Firefox\\firefox.exe" "--marionette" "-foreground" "-no-remote" "-profile" "C:\\Users\\keamy\\AppData\\Local\\Temp\\rust_mozprofileFqKp1c"
1623514318390	Marionette	INFO	Marionette enabled
console.warn: SearchSettings: "get: No settings file exists, new profile?" (new NotFoundError("Could not open the file at C:\\Users\\keamy\\AppData\\Local\\Temp\\rust_mozprofileFqKp1c\\search.json.mozlz4", (void 0)))
1623514320665	Marionette	INFO	Listening on port 51503
1623514320695	Marionette	WARN	TLS certificate errors will be ignored for this session

###!!! [Child][MessageChannel] Error: (msgtype=0x390099,name=PContent::Msg_InitBackground) Channel closing: too late to send/recv, messages will be lost


###!!! [Child][RunMessage] Error: Channel closing: too late to send/recv, messages will be lost

1623514357774	Marionette	INFO	Stopped listening on port 51503

###!!! [Child][RunMessage] Error: Channel closing: too late to send/recv, messages will be lost

1623514366328	geckodriver	INFO	Listening on 127.0.0.1:51613
1623514369389	mozrunner::runner	INFO	Running command: "C:\\Program Files\\Mozilla Firefox\\firefox.exe" "--marionette" "-foreground" "-no-remote" "-profile" "C:\\Users\\keamy\\AppData\\Local\\Temp\\rust_mozprofileim1biS"
1623514369756	Marionette	INFO	Marionette enabled
console.warn: SearchSettings: "get: No settings file exists, new profile?" (new NotFoundError("Could not open the file at C:\\Users\\keamy\\AppData\\Local\\Temp\\rust_mozprofileim1biS\\search.json.mozlz4", (void 0)))
1623514372093	Marionette	INFO	Listening on port 51622
1623514372587	Marionette	WARN	TLS certificate errors will be ignored for this session
SourceActor threw an exception: [Exception... "Component returned failure code: 0x80470002 (NS_BASE_STREAM_CLOSED) [nsIInputStream.available]"  nsresult: "0x80470002 (NS_BASE_STREAM_CLOSED)"  location: "JS frame :: resource://devtools/shared/DevToolsUtils.js :: onResponse :: line 567"  data: no]
Stack: onResponse@resource://devtools/shared/DevToolsUtils.js:567:34
onStopRequest@resource://gre/modules/NetUtil.jsm:128:18
Line: 567, column: 0
console.error: ({})
JavaScript error: resource://devtools/shared/DevToolsUtils.js, line 567: NS_BASE_STREAM_CLOSED: Component returned failure code: 0x80470002 (NS_BASE_STREAM_CLOSED) [nsIInputStream.available]
JavaScript error: resource://devtools/server/actors/network-monitor/network-event-actor.js, line 108: Error: Got a request https://use.fontawesome.com/c7fae8461a.css without a browsingContextID set
1623514398580	Marionette	INFO	Stopped listening on port 51622

###!!! [Child][RunMessage] Error: Channel closing: too late to send/recv, messages will be lost

1623514468758	geckodriver	INFO	Listening on 127.0.0.1:51739
1623514471794	mozrunner::runner	INFO	Running command: "C:\\Program Files\\Mozilla Firefox\\firefox.exe" "--marionette" "-foreground" "-no-remote" "-profile" "C:\\Users\\keamy\\AppData\\Local\\Temp\\rust_mozprofileDX0Ib2"
1623514472170	Marionette	INFO	Marionette enabled
console.warn: SearchSettings: "get: No settings file exists, new profile?" (new NotFoundError("Could not open the file at C:\\Users\\keamy\\AppData\\Local\\Temp\\rust_mozprofileDX0Ib2\\search.json.mozlz4", (void 0)))
1623514474383	Marionette	INFO	Listening on port 51747
1623514474463	Marionette	WARN	TLS certificate errors will be ignored for this session
IPDL protocol error: Handler returned error code!

###!!! [Parent][DispatchAsyncMessage] Error: PClientManager::Msg_ExpectFutureClientSource Processing error: message was deserialized, but the handler returned false (indicating failure)

IPDL protocol error: Handler returned error code!

###!!! [Parent][DispatchAsyncMessage] Error: PClientManager::Msg_ForgetFutureClientSource Processing error: message was deserialized, but the handler returned false (indicating failure)

JavaScript error: resource://devtools/client/framework/devtools.js, line 757: TypeError: inspector is undefined
JavaScript error: resource://devtools/server/actors/network-monitor/network-event-actor.js, line 108: Error: Got a request https://use.fontawesome.com/c7fae8461a.css without a browsingContextID set
SourceActor threw an exception: [Exception... "Component returned failure code: 0x80470002 (NS_BASE_STREAM_CLOSED) [nsIInputStream.available]"  nsresult: "0x80470002 (NS_BASE_STREAM_CLOSED)"  location: "JS frame :: resource://devtools/shared/DevToolsUtils.js :: onResponse :: line 567"  data: no]
Stack: onResponse@resource://devtools/shared/DevToolsUtils.js:567:34
onStopRequest@resource://gre/modules/NetUtil.jsm:128:18
Line: 567, column: 0
console.error: ({})
JavaScript error: resource://devtools/shared/DevToolsUtils.js, line 567: NS_BASE_STREAM_CLOSED: Component returned failure code: 0x80470002 (NS_BASE_STREAM_CLOSED) [nsIInputStream.available]
console.warn: services.settings: main/doh-config Signature verified failed. Retry from scratch
console.warn: services.settings: main/doh-providers Signature verified failed. Retry from scratch
JavaScript error: resource://gre/modules/psm/RemoteSecuritySettings.jsm, line 735: NS_ERROR_ILLEGAL_VALUE: Component returned failure code: 0x80070057 (NS_ERROR_ILLEGAL_VALUE) [nsIXPCComponents_Utils.reportError]
1623515124602	Marionette	INFO	Stopped listening on port 51747

###!!! [Child][RunMessage] Error: Channel closing: too late to send/recv, messages will be lost

[Parent 14124, IPC I/O Parent] WARNING: file /builds/worker/checkouts/gecko/ipc/chromium/src/base/process_util_win.cc:167
 Channel closing: too late to send/recv, messages will be lost


###!!! [Child][MessageChannel] Error: (msgtype=0x390099,name=PContent::Msg_InitBackground) Channel closing: too late to send/recv, messages will be lost

1623514563565	Marionette	WARN	TLS certificate errors will be ignored for this session
console.warn: services.settings: main/doh-config Signature verified failed. Retry from scratch
console.warn: services.settings: main/doh-providers Signature verified failed. Retry from scratch
1623515128925	Marionette	INFO	Stopped listening on port 51878
3515020411	mozrunner::runner	INFO	Running command: "C:\\Program Files\\Mozilla Firefox\\firefox.exe" "--marionette" "-foreground" "-no-remote" "-profile" "C:\\Users\\keamy\\AppData\\Local\\Temp\\rust_mozprofileG1eYkV"
1623515020808	Marionette	INFO	Marionette enabled
console.warn: SearchSettings: "get: No settings file exists, new profile?" (new NotFoundError("Could not open the file at C:\\Users\\keamy\\AppData\\Local\\Temp\\rust_mozprofileG1eYkV\\search.json.mozlz4", (void 0)))
1623515023073	Marionette	INFO	Listening on port 62011
1623515023098	Marionette	WARN	TLS certificate errors will be ignored for this session

###!!! [Child][MessageChannel] Error: (msgtype=0x390099,name=PContent::Msg_InitBackground) Channel closing: too late to send/recv, messages will be lost

1623515127203	Marionette	INFO	Stopped listening on port 62011

###!!! [Child][RunMessage] Error: Channel closing: too late to send/recv, messages will be lost

"--marionette" "-foreground" "-no-remote" "-profile" "C:\\Users\\keamy\\AppData\\Local\\Temp\\rust_mozprofiledRnMIn"
1623515055403	Marionette	INFO	Marionette enabled
console.warn: SearchSettings: "get: No settings file exists, new profile?" (new NotFoundError("Could not open the file at C:\\Users\\keamy\\AppData\\Local\\Temp\\rust_mozprofiledRnMIn\\search.json.mozlz4", (void 0)))
1623515057904	Marionette	INFO	Listening on port 62123

###!!! [Child][MessageChannel] Error: (msgtype=0x390099,name=PContent::Msg_InitBackground) Channel closing: too late to send/recv, messages will be lost

1623515058209	Marionette	WARN	TLS certificate errors will be ignored for this session
1623515128134	Marionette	INFO	Stopped listening on port 62123

###!!! [Child][RunMessage] Error: Channel closing: too late to send/recv, messages will be lost

1623515160554	geckodriver	INFO	Listening on 127.0.0.1:59859
1623515163616	mozrunner::runner	INFO	Running command: "C:\\Program Files\\Mozilla Firefox\\firefox.exe" "--marionette" "-foreground" "-no-remote" "-profile" "C:\\Users\\keamy\\AppData\\Local\\Temp\\rust_mozprofileIliL53"
1623515164002	Marionette	INFO	Marionette enabled
console.warn: SearchSettings: "get: No settings file exists, new profile?" (new NotFoundError("Could not open the file at C:\\Users\\keamy\\AppData\\Local\\Temp\\rust_mozprofileIliL53\\search.json.mozlz4", (void 0)))
1623515166213	Marionette	INFO	Listening on port 59867
1623515166297	Marionette	WARN	TLS certificate errors will be ignored for this session

###!!! [Child][RunMessage] Error: Channel closing: too late to send/recv, messages will be lost

1623515187482	Marionette	INFO	Stopped listening on port 59867

###!!! [Child][RunMessage] Error: Channel closing: too late to send/recv, messages will be lost

1623515292234	geckodriver	INFO	Listening on 127.0.0.1:50340
1623515295312	mozrunner::runner	INFO	Running command: "C:\\Program Files\\Mozilla Firefox\\firefox.exe" "--marionette" "-foreground" "-no-remote" "-profile" "C:\\Users\\keamy\\AppData\\Local\\Temp\\rust_mozprofileffHLVq"
1623515295683	Marionette	INFO	Marionette enabled
console.warn: SearchSettings: "get: No settings file exists, new profile?" (new NotFoundError("Could not open the file at C:\\Users\\keamy\\AppData\\Local\\Temp\\rust_mozprofileffHLVq\\search.json.mozlz4", (void 0)))
1623515297952	Marionette	INFO	Listening on port 50348
1623515297983	Marionette	WARN	TLS certificate errors will be ignored for this session

###!!! [Child][MessageChannel] Error: (msgtype=0x390099,name=PContent::Msg_InitBackground) Channel closing: too late to send/recv, messages will be lost


###!!! [Child][MessageChannel] Error: (msgtype=0x390099,name=PContent::Msg_InitBackground) Channel closing: too late to send/recv, messages will be lost

1623515324829	Marionette	INFO	Stopped listening on port 50348

###!!! [Child][RunMessage] Error: Channel closing: too late to send/recv, messages will be lost

1623515475272	geckodriver	INFO	Listening on 127.0.0.1:55922
1623515478353	mozrunner::runner	INFO	Running command: "C:\\Program Files\\Mozilla Firefox\\firefox.exe" "--marionette" "-foreground" "-no-remote" "-profile" "C:\\Users\\keamy\\AppData\\Local\\Temp\\rust_mozprofileUSyDq9"
1623515478723	Marionette	INFO	Marionette enabled
console.warn: SearchSettings: "get: No settings file exists, new profile?" (new NotFoundError("Could not open the file at C:\\Users\\keamy\\AppData\\Local\\Temp\\rust_mozprofileUSyDq9\\search.json.mozlz4", (void 0)))
1623515480983	Marionette	INFO	Listening on port 55930
1623515481038	Marionette	WARN	TLS certificate errors will be ignored for this session

###!!! [Child][MessageChannel] Error: (msgtype=0x390099,name=PContent::Msg_InitBackground) Channel closing: too late to send/recv, messages will be lost

1623515503561	Marionette	INFO	Stopped listening on port 55930

###!!! [Child][RunMessage] Error: Channel closing: too late to send/recv, messages will be lost

1623515505583	geckodriver	INFO	Listening on 127.0.0.1:56025
1623515508647	mozrunner::runner	INFO	Running command: "C:\\Program Files\\Mozilla Firefox\\firefox.exe" "--marionette" "-foreground" "-no-remote" "-profile" "C:\\Users\\keamy\\AppData\\Local\\Temp\\rust_mozprofilec8MdWI"
1623515509010	Marionette	INFO	Marionette enabled
console.warn: SearchSettings: "get: No settings file exists, new profile?" (new NotFoundError("Could not open the file at C:\\Users\\keamy\\AppData\\Local\\Temp\\rust_mozprofilec8MdWI\\search.json.mozlz4", (void 0)))
1623515511192	Marionette	INFO	Listening on port 56033
1623515511296	Marionette	WARN	TLS certificate errors will be ignored for this session
1623515680254	Marionette	INFO	Stopped listening on port 56033

###!!! [Child][RunMessage] Error: Channel closing: too late to send/recv, messages will be lost

1623515792091	geckodriver	INFO	Listening on 127.0.0.1:53484
1623515795180	mozrunner::runner	INFO	Running command: "C:\\Program Files\\Mozilla Firefox\\firefox.exe" "--marionette" "-foreground" "-no-remote" "-profile" "C:\\Users\\keamy\\AppData\\Local\\Temp\\rust_mozprofilenqSPfa"
1623515795617	Marionette	INFO	Marionette enabled
console.warn: SearchSettings: "get: No settings file exists, new profile?" (new NotFoundError("Could not open the file at C:\\Users\\keamy\\AppData\\Local\\Temp\\rust_mozprofilenqSPfa\\search.json.mozlz4", (void 0)))
1623515798339	Marionette	INFO	Listening on port 53492

###!!! [Child][MessageChannel] Error: (msgtype=0x390099,name=PContent::Msg_InitBackground) Channel closing: too late to send/recv, messages will be lost

1623515798841	Marionette	WARN	TLS certificate errors will be ignored for this session
console.warn: services.settings: main/doh-config Signature verified failed. Retry from scratch
console.warn: services.settings: main/doh-providers Signature verified failed. Retry from scratch
JavaScript error: resource://gre/modules/psm/RemoteSecuritySettings.jsm, line 735: NS_ERROR_ILLEGAL_VALUE: Component returned failure code: 0x80070057 (NS_ERROR_ILLEGAL_VALUE) [nsIXPCComponents_Utils.reportError]
JavaScript error: , line 0: NS_ERROR_NOT_AVAILABLE
SourceActor threw an exception: [Exception... "Component returned failure code: 0x80470002 (NS_BASE_STREAM_CLOSED) [nsIInputStream.available]"  nsresult: "0x80470002 (NS_BASE_STREAM_CLOSED)"  location: "JS frame :: resource://devtools/shared/DevToolsUtils.js :: onResponse :: line 567"  data: no]
Stack: onResponse@resource://devtools/shared/DevToolsUtils.js:567:34
onStopRequest@resource://gre/modules/NetUtil.jsm:128:18
Line: 567, column: 0
console.error: ({})
JavaScript error: resource://devtools/shared/DevToolsUtils.js, line 567: NS_BASE_STREAM_CLOSED: Component returned failure code: 0x80470002 (NS_BASE_STREAM_CLOSED) [nsIInputStream.available]
JavaScript error: resource://devtools/server/actors/network-monitor/network-event-actor.js, line 108: Error: Got a request https://use.fontawesome.com/c7fae8461a.css without a browsingContextID set
JavaScript error: resource://gre/actors/AutoCompleteChild.jsm, line 125: Error: Invalid autocomplete selectedIndex
JavaScript error: resource://gre/actors/AutoCompleteChild.jsm, line 125: Error: Invalid autocomplete selectedIndex
JavaScript error: resource://gre/actors/AutoCompleteChild.jsm, line 125: Error: Invalid autocomplete selectedIndex
JavaScript error: resource://gre/actors/AutoCompleteChild.jsm, line 125: Error: Invalid autocomplete selectedIndex
1623517164962	Marionette	INFO	Stopped listening on port 53492

###!!! [Child][RunMessage] Error: Channel closing: too late to send/recv, messages will be lost

"--marionette" "-foreground" "-no-remote" "-profile" "C:\\Users\\keamy\\AppData\\Local\\Temp\\rust_mozprofile2tGPdM"
1623517140246	Marionette	INFO	Marionette enabled
console.warn: SearchSettings: "get: No settings file exists, new profile?" (new NotFoundError("Could not open the file at C:\\Users\\keamy\\AppData\\Local\\Temp\\rust_mozprofile2tGPdM\\search.json.mozlz4", (void 0)))
1623517142883	Marionette	INFO	Listening on port 57356
1623517143051	Marionette	WARN	TLS certificate errors will be ignored for this session

###!!! [Child][RunMessage] Error: Channel closing: too late to send/recv, messages will be lost


###!!! [Child][RunMessage] Error: Channel closing: too late to send/recv, messages will be lost

1623517161613	Marionette	INFO	Stopped listening on port 57356

###!!! [Child][RunMessage] Error: Channel closing: too late to send/recv, messages will be lost

1623519552949	geckodriver	INFO	Listening on 127.0.0.1:49405
